-- Found ament_cmake: 1.3.11 (/opt/ros/humble/share/ament_cmake/cmake)
-- Found rclcpp: 16.0.11 (/opt/ros/humble/share/rclcpp/cmake)
-- Found rosidl_generator_c: 3.1.6 (/opt/ros/humble/share/rosidl_generator_c/cmake)
-- Found rosidl_adapter: 3.1.6 (/opt/ros/humble/share/rosidl_adapter/cmake)
-- Found rosidl_generator_cpp: 3.1.6 (/opt/ros/humble/share/rosidl_generator_cpp/cmake)
-- Using all available rosidl_typesupport_c: rosidl_typesupport_fastrtps_c;rosidl_typesupport_introspection_c
-- Using all available rosidl_typesupport_cpp: rosidl_typesupport_fastrtps_cpp;rosidl_typesupport_introspection_cpp
-- Found rmw_implementation_cmake: 6.1.2 (/opt/ros/humble/share/rmw_implementation_cmake/cmake)
-- Found rmw_fastrtps_cpp: 6.2.7 (/opt/ros/humble/share/rmw_fastrtps_cpp/cmake)
-- Using RMW implementation 'rmw_fastrtps_cpp' as default
-- Found sensor_msgs: 4.2.4 (/opt/ros/humble/share/sensor_msgs/cmake)
-- Found cv_bridge: 3.2.1 (/opt/ros/humble/share/cv_bridge/cmake)
-- Configuring done
-- Generating done
-- Build files have been written to: /home/lyl/robomaster/build/robomaster_vision
[35m[1mConsolidate compiler generated dependencies of target predictor_node[0m
[35m[1mConsolidate compiler generated dependencies of target result_display[0m
[35m[1mConsolidate compiler generated dependencies of target video_publisher[0m
[35m[1mConsolidate compiler generated dependencies of target image_processor[0m
[ 33%] [32mBuilding CXX object CMakeFiles/predictor_node.dir/src/predictor_node.cpp.o[0m
[ 41%] Built target result_display
[ 41%] Built target video_publisher
[ 91%] Built target image_processor
[100%] [32m[1mLinking CXX executable predictor_node[0m
[100%] Built target predictor_node
-- Install configuration: "Release"
-- Up-to-date: /home/lyl/robomaster/install/robomaster_vision/share/robomaster_vision/launch
-- Up-to-date: /home/lyl/robomaster/install/robomaster_vision/share/robomaster_vision/launch/robomaster_launch.py
-- Up-to-date: /home/lyl/robomaster/install/robomaster_vision/lib/robomaster_vision/video_publisher
-- Up-to-date: /home/lyl/robomaster/install/robomaster_vision/lib/robomaster_vision/image_processor
-- Installing: /home/lyl/robomaster/install/robomaster_vision/lib/robomaster_vision/predictor_node
-- Set runtime path of "/home/lyl/robomaster/install/robomaster_vision/lib/robomaster_vision/predictor_node" to ""
-- Up-to-date: /home/lyl/robomaster/install/robomaster_vision/lib/robomaster_vision/result_display
-- Up-to-date: /home/lyl/robomaster/install/robomaster_vision/share/ament_index/resource_index/package_run_dependencies/robomaster_vision
-- Up-to-date: /home/lyl/robomaster/install/robomaster_vision/share/ament_index/resource_index/parent_prefix_path/robomaster_vision
-- Up-to-date: /home/lyl/robomaster/install/robomaster_vision/share/robomaster_vision/environment/ament_prefix_path.sh
-- Installing: /home/lyl/robomaster/install/robomaster_vision/share/robomaster_vision/environment/ament_prefix_path.dsv
-- Up-to-date: /home/lyl/robomaster/install/robomaster_vision/share/robomaster_vision/environment/path.sh
-- Installing: /home/lyl/robomaster/install/robomaster_vision/share/robomaster_vision/environment/path.dsv
-- Up-to-date: /home/lyl/robomaster/install/robomaster_vision/share/robomaster_vision/local_setup.bash
-- Up-to-date: /home/lyl/robomaster/install/robomaster_vision/share/robomaster_vision/local_setup.sh
-- Up-to-date: /home/lyl/robomaster/install/robomaster_vision/share/robomaster_vision/local_setup.zsh
-- Installing: /home/lyl/robomaster/install/robomaster_vision/share/robomaster_vision/local_setup.dsv
-- Installing: /home/lyl/robomaster/install/robomaster_vision/share/robomaster_vision/package.dsv
-- Up-to-date: /home/lyl/robomaster/install/robomaster_vision/share/ament_index/resource_index/packages/robomaster_vision
-- Up-to-date: /home/lyl/robomaster/install/robomaster_vision/share/robomaster_vision/cmake/robomaster_visionConfig.cmake
-- Up-to-date: /home/lyl/robomaster/install/robomaster_vision/share/robomaster_vision/cmake/robomaster_visionConfig-version.cmake
-- Installing: /home/lyl/robomaster/install/robomaster_vision/share/robomaster_vision/package.xml
