[0.006s] Invoking command in '/home/lyl/robomaster/build/robomaster_vision': CMAKE_PREFIX_PATH=${CMAKE_PREFIX_PATH}:/opt/ros/humble /usr/bin/cmake --build /home/lyl/robomaster/build/robomaster_vision -- -j32 -l32
[0.024s] -- Found ament_cmake: 1.3.11 (/opt/ros/humble/share/ament_cmake/cmake)
[0.099s] -- Found rclcpp: 16.0.11 (/opt/ros/humble/share/rclcpp/cmake)
[0.117s] -- Found rosidl_generator_c: 3.1.6 (/opt/ros/humble/share/rosidl_generator_c/cmake)
[0.118s] -- Found rosidl_adapter: 3.1.6 (/opt/ros/humble/share/rosidl_adapter/cmake)
[0.121s] -- Found rosidl_generator_cpp: 3.1.6 (/opt/ros/humble/share/rosidl_generator_cpp/cmake)
[0.126s] -- Using all available rosidl_typesupport_c: rosidl_typesupport_fastrtps_c;rosidl_typesupport_introspection_c
[0.132s] -- Using all available rosidl_typesupport_cpp: rosidl_typesupport_fastrtps_cpp;rosidl_typesupport_introspection_cpp
[0.147s] -- Found rmw_implementation_cmake: 6.1.2 (/opt/ros/humble/share/rmw_implementation_cmake/cmake)
[0.148s] -- Found rmw_fastrtps_cpp: 6.2.7 (/opt/ros/humble/share/rmw_fastrtps_cpp/cmake)
[0.212s] -- Using RMW implementation 'rmw_fastrtps_cpp' as default
[0.239s] -- Found sensor_msgs: 4.2.4 (/opt/ros/humble/share/sensor_msgs/cmake)
[0.255s] -- Found cv_bridge: 3.2.1 (/opt/ros/humble/share/cv_bridge/cmake)
[0.291s] -- Configuring done
[0.304s] -- Generating done
[0.309s] -- Build files have been written to: /home/lyl/robomaster/build/robomaster_vision
[0.328s] [35m[1mConsolidate compiler generated dependencies of target predictor_node[0m
[0.328s] [35m[1mConsolidate compiler generated dependencies of target result_display[0m
[0.328s] [35m[1mConsolidate compiler generated dependencies of target video_publisher[0m
[0.329s] [35m[1mConsolidate compiler generated dependencies of target image_processor[0m
[0.341s] [ 33%] [32mBuilding CXX object CMakeFiles/predictor_node.dir/src/predictor_node.cpp.o[0m
[0.341s] [ 41%] Built target result_display
[0.341s] [ 41%] Built target video_publisher
[0.342s] [ 91%] Built target image_processor
[6.743s] [100%] [32m[1mLinking CXX executable predictor_node[0m
[6.857s] [100%] Built target predictor_node
[6.866s] Invoked command in '/home/lyl/robomaster/build/robomaster_vision' returned '0': CMAKE_PREFIX_PATH=${CMAKE_PREFIX_PATH}:/opt/ros/humble /usr/bin/cmake --build /home/lyl/robomaster/build/robomaster_vision -- -j32 -l32
[6.872s] Invoking command in '/home/lyl/robomaster/build/robomaster_vision': CMAKE_PREFIX_PATH=${CMAKE_PREFIX_PATH}:/opt/ros/humble /usr/bin/cmake --install /home/lyl/robomaster/build/robomaster_vision
[6.876s] -- Install configuration: "Release"
[6.876s] -- Up-to-date: /home/lyl/robomaster/install/robomaster_vision/share/robomaster_vision/launch
[6.876s] -- Up-to-date: /home/lyl/robomaster/install/robomaster_vision/share/robomaster_vision/launch/robomaster_launch.py
[6.876s] -- Up-to-date: /home/lyl/robomaster/install/robomaster_vision/lib/robomaster_vision/video_publisher
[6.876s] -- Up-to-date: /home/lyl/robomaster/install/robomaster_vision/lib/robomaster_vision/image_processor
[6.876s] -- Installing: /home/lyl/robomaster/install/robomaster_vision/lib/robomaster_vision/predictor_node
[6.877s] -- Set runtime path of "/home/lyl/robomaster/install/robomaster_vision/lib/robomaster_vision/predictor_node" to ""
[6.877s] -- Up-to-date: /home/lyl/robomaster/install/robomaster_vision/lib/robomaster_vision/result_display
[6.877s] -- Up-to-date: /home/lyl/robomaster/install/robomaster_vision/share/ament_index/resource_index/package_run_dependencies/robomaster_vision
[6.877s] -- Up-to-date: /home/lyl/robomaster/install/robomaster_vision/share/ament_index/resource_index/parent_prefix_path/robomaster_vision
[6.877s] -- Up-to-date: /home/lyl/robomaster/install/robomaster_vision/share/robomaster_vision/environment/ament_prefix_path.sh
[6.877s] -- Installing: /home/lyl/robomaster/install/robomaster_vision/share/robomaster_vision/environment/ament_prefix_path.dsv
[6.877s] -- Up-to-date: /home/lyl/robomaster/install/robomaster_vision/share/robomaster_vision/environment/path.sh
[6.877s] -- Installing: /home/lyl/robomaster/install/robomaster_vision/share/robomaster_vision/environment/path.dsv
[6.877s] -- Up-to-date: /home/lyl/robomaster/install/robomaster_vision/share/robomaster_vision/local_setup.bash
[6.877s] -- Up-to-date: /home/lyl/robomaster/install/robomaster_vision/share/robomaster_vision/local_setup.sh
[6.877s] -- Up-to-date: /home/lyl/robomaster/install/robomaster_vision/share/robomaster_vision/local_setup.zsh
[6.877s] -- Installing: /home/lyl/robomaster/install/robomaster_vision/share/robomaster_vision/local_setup.dsv
[6.877s] -- Installing: /home/lyl/robomaster/install/robomaster_vision/share/robomaster_vision/package.dsv
[6.877s] -- Up-to-date: /home/lyl/robomaster/install/robomaster_vision/share/ament_index/resource_index/packages/robomaster_vision
[6.877s] -- Up-to-date: /home/lyl/robomaster/install/robomaster_vision/share/robomaster_vision/cmake/robomaster_visionConfig.cmake
[6.877s] -- Up-to-date: /home/lyl/robomaster/install/robomaster_vision/share/robomaster_vision/cmake/robomaster_visionConfig-version.cmake
[6.877s] -- Installing: /home/lyl/robomaster/install/robomaster_vision/share/robomaster_vision/package.xml
[6.878s] Invoked command in '/home/lyl/robomaster/build/robomaster_vision' returned '0': CMAKE_PREFIX_PATH=${CMAKE_PREFIX_PATH}:/opt/ros/humble /usr/bin/cmake --install /home/lyl/robomaster/build/robomaster_vision
