[0.006s] Invoking command in '/home/lyl/robomaster/build/robomaster_vision': CMAKE_PREFIX_PATH=${CMAKE_PREFIX_PATH}:/opt/ros/humble /usr/bin/cmake /home/lyl/robomaster/src/robomaster_vision -DCMAKE_BUILD_TYPE=Release -DCMAKE_INSTALL_PREFIX=/home/lyl/robomaster/install/robomaster_vision
[0.088s] -- The C compiler identification is GNU 11.4.0
[0.153s] -- The CXX compiler identification is GNU 11.4.0
[0.157s] -- Detecting C compiler ABI info
[0.221s] -- Detecting C compiler ABI info - done
[0.225s] -- Check for working C compiler: /usr/bin/cc - skipped
[0.225s] -- Detecting C compile features
[0.225s] -- Detecting C compile features - done
[0.227s] -- Detecting CXX compiler ABI info
[0.316s] -- Detecting CXX compiler ABI info - done
[0.320s] -- Check for working CXX compiler: /usr/bin/c++ - skipped
[0.320s] -- Detecting CXX compile features
[0.321s] -- Detecting CXX compile features - done
[0.322s] -- Found ament_cmake: 1.3.11 (/opt/ros/humble/share/ament_cmake/cmake)
[0.441s] -- Found Python3: /usr/bin/python3 (found version "3.10.12") found components: Interpreter 
[0.484s] -- Found rclcpp: 16.0.11 (/opt/ros/humble/share/rclcpp/cmake)
[0.509s] -- Found rosidl_generator_c: 3.1.6 (/opt/ros/humble/share/rosidl_generator_c/cmake)
[0.511s] -- Found rosidl_adapter: 3.1.6 (/opt/ros/humble/share/rosidl_adapter/cmake)
[0.516s] -- Found rosidl_generator_cpp: 3.1.6 (/opt/ros/humble/share/rosidl_generator_cpp/cmake)
[0.521s] -- Using all available rosidl_typesupport_c: rosidl_typesupport_fastrtps_c;rosidl_typesupport_introspection_c
[0.528s] -- Using all available rosidl_typesupport_cpp: rosidl_typesupport_fastrtps_cpp;rosidl_typesupport_introspection_cpp
[0.546s] -- Found rmw_implementation_cmake: 6.1.2 (/opt/ros/humble/share/rmw_implementation_cmake/cmake)
[0.547s] -- Found rmw_fastrtps_cpp: 6.2.7 (/opt/ros/humble/share/rmw_fastrtps_cpp/cmake)
[0.602s] -- Found OpenSSL: /usr/lib/x86_64-linux-gnu/libcrypto.so (found version "3.0.2")  
[0.620s] -- Found FastRTPS: /opt/ros/humble/include  
[0.639s] -- Using RMW implementation 'rmw_fastrtps_cpp' as default
[0.642s] -- Looking for pthread.h
[0.724s] -- Looking for pthread.h - found
[0.725s] -- Performing Test CMAKE_HAVE_LIBC_PTHREAD
[0.820s] -- Performing Test CMAKE_HAVE_LIBC_PTHREAD - Success
[0.821s] -- Found Threads: TRUE  
[0.846s] -- Found sensor_msgs: 4.2.4 (/opt/ros/humble/share/sensor_msgs/cmake)
[0.864s] -- Found OpenCV: /usr (found version "4.5.4") 
[0.864s] -- Found cv_bridge: 3.2.1 (/opt/ros/humble/share/cv_bridge/cmake)
[0.902s] -- Configuring done
[0.915s] -- Generating done
[0.920s] -- Build files have been written to: /home/lyl/robomaster/build/robomaster_vision
[0.927s] Invoked command in '/home/lyl/robomaster/build/robomaster_vision' returned '0': CMAKE_PREFIX_PATH=${CMAKE_PREFIX_PATH}:/opt/ros/humble /usr/bin/cmake /home/lyl/robomaster/src/robomaster_vision -DCMAKE_BUILD_TYPE=Release -DCMAKE_INSTALL_PREFIX=/home/lyl/robomaster/install/robomaster_vision
[0.927s] Invoking command in '/home/lyl/robomaster/build/robomaster_vision': CMAKE_PREFIX_PATH=${CMAKE_PREFIX_PATH}:/opt/ros/humble /usr/bin/cmake --build /home/lyl/robomaster/build/robomaster_vision -- -j32 -l32
[0.968s] [ 33%] [32mBuilding CXX object CMakeFiles/image_processor.dir/src/KNN.cpp.o[0m
[0.968s] [ 33%] [32mBuilding CXX object CMakeFiles/image_processor.dir/src/image_processor.cpp.o[0m
[0.968s] [ 33%] [32mBuilding CXX object CMakeFiles/result_display.dir/src/result_display.cpp.o[0m
[0.968s] [ 33%] [32mBuilding CXX object CMakeFiles/image_processor.dir/src/Light.cpp.o[0m
[0.971s] [ 58%] [32mBuilding CXX object CMakeFiles/image_processor.dir/src/Armor.cpp.o[0m
[0.971s] [ 58%] [32mBuilding CXX object CMakeFiles/predictor_node.dir/src/predictor_node.cpp.o[0m
[0.971s] [ 58%] [32mBuilding CXX object CMakeFiles/image_processor.dir/src/Judge_Light.cpp.o[0m
[0.972s] [ 66%] [32mBuilding CXX object CMakeFiles/video_publisher.dir/src/video_publisher.cpp.o[0m
[5.212s] [01m[K/home/lyl/robomaster/src/robomaster_vision/src/image_processor.cpp:[m[K In constructor ‘[01m[KImageProcessor::ImageProcessor()[m[K’:
[5.212s] [01m[K/home/lyl/robomaster/src/robomaster_vision/src/image_processor.cpp:30:15:[m[K [01;35m[Kwarning: [m[Kignoring return value of ‘[01m[Kchar* getcwd(char*, size_t)[m[K’ declared with attribute ‘[01m[Kwarn_unused_result[m[K’ [[01;35m[K]8;;https://gcc.gnu.org/onlinedocs/gcc/Warning-Options.html#index-Wunused-result-Wunused-result]8;;[m[K]
[5.212s]    30 |         [01;35m[Kgetcwd(cwd, sizeof(cwd))[m[K;
[5.212s]       |         [01;35m[K~~~~~~^~~~~~~~~~~~~~~~~~[m[K
[5.243s] [ 75%] [32m[1mLinking CXX executable video_publisher[0m
[5.522s] [ 75%] Built target video_publisher
[7.335s] [ 83%] [32m[1mLinking CXX executable predictor_node[0m
[7.421s] [ 83%] Built target predictor_node
[8.977s] [ 91%] [32m[1mLinking CXX executable image_processor[0m
[9.260s] [ 91%] Built target image_processor
[9.805s] [100%] [32m[1mLinking CXX executable result_display[0m
[10.081s] [100%] Built target result_display
[10.092s] Invoked command in '/home/lyl/robomaster/build/robomaster_vision' returned '0': CMAKE_PREFIX_PATH=${CMAKE_PREFIX_PATH}:/opt/ros/humble /usr/bin/cmake --build /home/lyl/robomaster/build/robomaster_vision -- -j32 -l32
[10.099s] Invoking command in '/home/lyl/robomaster/build/robomaster_vision': CMAKE_PREFIX_PATH=${CMAKE_PREFIX_PATH}:/opt/ros/humble /usr/bin/cmake --install /home/lyl/robomaster/build/robomaster_vision
[10.104s] -- Install configuration: "Release"
[10.104s] -- Installing: /home/lyl/robomaster/install/robomaster_vision/share/robomaster_vision/launch
[10.105s] -- Installing: /home/lyl/robomaster/install/robomaster_vision/share/robomaster_vision/launch/robomaster_launch.py
[10.105s] -- Installing: /home/lyl/robomaster/install/robomaster_vision/lib/robomaster_vision/video_publisher
[10.105s] -- Set runtime path of "/home/lyl/robomaster/install/robomaster_vision/lib/robomaster_vision/video_publisher" to ""
[10.105s] -- Installing: /home/lyl/robomaster/install/robomaster_vision/lib/robomaster_vision/image_processor
[10.105s] -- Set runtime path of "/home/lyl/robomaster/install/robomaster_vision/lib/robomaster_vision/image_processor" to ""
[10.105s] -- Installing: /home/lyl/robomaster/install/robomaster_vision/lib/robomaster_vision/predictor_node
[10.106s] -- Set runtime path of "/home/lyl/robomaster/install/robomaster_vision/lib/robomaster_vision/predictor_node" to ""
[10.106s] -- Installing: /home/lyl/robomaster/install/robomaster_vision/lib/robomaster_vision/result_display
[10.106s] -- Set runtime path of "/home/lyl/robomaster/install/robomaster_vision/lib/robomaster_vision/result_display" to ""
[10.106s] -- Installing: /home/lyl/robomaster/install/robomaster_vision/share/ament_index/resource_index/package_run_dependencies/robomaster_vision
[10.106s] -- Installing: /home/lyl/robomaster/install/robomaster_vision/share/ament_index/resource_index/parent_prefix_path/robomaster_vision
[10.106s] -- Installing: /home/lyl/robomaster/install/robomaster_vision/share/robomaster_vision/environment/ament_prefix_path.sh
[10.106s] -- Installing: /home/lyl/robomaster/install/robomaster_vision/share/robomaster_vision/environment/ament_prefix_path.dsv
[10.106s] -- Installing: /home/lyl/robomaster/install/robomaster_vision/share/robomaster_vision/environment/path.sh
[10.106s] -- Installing: /home/lyl/robomaster/install/robomaster_vision/share/robomaster_vision/environment/path.dsv
[10.107s] -- Installing: /home/lyl/robomaster/install/robomaster_vision/share/robomaster_vision/local_setup.bash
[10.107s] -- Installing: /home/lyl/robomaster/install/robomaster_vision/share/robomaster_vision/local_setup.sh
[10.107s] -- Installing: /home/lyl/robomaster/install/robomaster_vision/share/robomaster_vision/local_setup.zsh
[10.107s] -- Installing: /home/lyl/robomaster/install/robomaster_vision/share/robomaster_vision/local_setup.dsv
[10.107s] -- Installing: /home/lyl/robomaster/install/robomaster_vision/share/robomaster_vision/package.dsv
[10.107s] -- Installing: /home/lyl/robomaster/install/robomaster_vision/share/ament_index/resource_index/packages/robomaster_vision
[10.107s] -- Installing: /home/lyl/robomaster/install/robomaster_vision/share/robomaster_vision/cmake/robomaster_visionConfig.cmake
[10.107s] -- Installing: /home/lyl/robomaster/install/robomaster_vision/share/robomaster_vision/cmake/robomaster_visionConfig-version.cmake
[10.107s] -- Installing: /home/lyl/robomaster/install/robomaster_vision/share/robomaster_vision/package.xml
[10.108s] Invoked command in '/home/lyl/robomaster/build/robomaster_vision' returned '0': CMAKE_PREFIX_PATH=${CMAKE_PREFIX_PATH}:/opt/ros/humble /usr/bin/cmake --install /home/lyl/robomaster/build/robomaster_vision
