-- The C compiler identification is GNU 11.4.0
-- The CXX compiler identification is GNU 11.4.0
-- Detecting C compiler ABI info
-- Detecting C compiler ABI info - done
-- Check for working C compiler: /usr/bin/cc - skipped
-- Detecting C compile features
-- Detecting C compile features - done
-- Detecting CXX compiler ABI info
-- Detecting CXX compiler ABI info - done
-- Check for working CXX compiler: /usr/bin/c++ - skipped
-- Detecting CXX compile features
-- Detecting CXX compile features - done
-- Found ament_cmake: 1.3.11 (/opt/ros/humble/share/ament_cmake/cmake)
-- Found Python3: /usr/bin/python3 (found version "3.10.12") found components: Interpreter 
-- Found rclcpp: 16.0.11 (/opt/ros/humble/share/rclcpp/cmake)
-- Found rosidl_generator_c: 3.1.6 (/opt/ros/humble/share/rosidl_generator_c/cmake)
-- Found rosidl_adapter: 3.1.6 (/opt/ros/humble/share/rosidl_adapter/cmake)
-- Found rosidl_generator_cpp: 3.1.6 (/opt/ros/humble/share/rosidl_generator_cpp/cmake)
-- Using all available rosidl_typesupport_c: rosidl_typesupport_fastrtps_c;rosidl_typesupport_introspection_c
-- Using all available rosidl_typesupport_cpp: rosidl_typesupport_fastrtps_cpp;rosidl_typesupport_introspection_cpp
-- Found rmw_implementation_cmake: 6.1.2 (/opt/ros/humble/share/rmw_implementation_cmake/cmake)
-- Found rmw_fastrtps_cpp: 6.2.7 (/opt/ros/humble/share/rmw_fastrtps_cpp/cmake)
-- Found OpenSSL: /usr/lib/x86_64-linux-gnu/libcrypto.so (found version "3.0.2")  
-- Found FastRTPS: /opt/ros/humble/include  
-- Using RMW implementation 'rmw_fastrtps_cpp' as default
-- Looking for pthread.h
-- Looking for pthread.h - found
-- Performing Test CMAKE_HAVE_LIBC_PTHREAD
-- Performing Test CMAKE_HAVE_LIBC_PTHREAD - Success
-- Found Threads: TRUE  
-- Found sensor_msgs: 4.2.4 (/opt/ros/humble/share/sensor_msgs/cmake)
-- Found OpenCV: /usr (found version "4.5.4") 
-- Found cv_bridge: 3.2.1 (/opt/ros/humble/share/cv_bridge/cmake)
-- Configuring done
-- Generating done
-- Build files have been written to: /home/lyl/robomaster/build/robomaster_vision
[  8%] [32mBuilding CXX object CMakeFiles/video_publisher.dir/src/video_publisher.cpp.o[0m
[ 16%] [32mBuilding CXX object CMakeFiles/image_processor.dir/src/KNN.cpp.o[0m
[ 25%] [32mBuilding CXX object CMakeFiles/image_processor.dir/src/Judge_Light.cpp.o[0m
[ 33%] [32mBuilding CXX object CMakeFiles/predictor_node.dir/src/predictor_node.cpp.o[0m
[ 41%] [32mBuilding CXX object CMakeFiles/image_processor.dir/src/Light.cpp.o[0m
[ 50%] [32mBuilding CXX object CMakeFiles/image_processor.dir/src/image_processor.cpp.o[0m
[ 58%] [32mBuilding CXX object CMakeFiles/result_display.dir/src/result_display.cpp.o[0m
[ 66%] [32mBuilding CXX object CMakeFiles/image_processor.dir/src/Armor.cpp.o[0m
[ 75%] [32m[1mLinking CXX executable video_publisher[0m
[ 75%] Built target video_publisher
[ 83%] [32m[1mLinking CXX executable predictor_node[0m
[ 83%] Built target predictor_node
[ 91%] [32m[1mLinking CXX executable image_processor[0m
[ 91%] Built target image_processor
[100%] [32m[1mLinking CXX executable result_display[0m
[100%] Built target result_display
-- Install configuration: "Release"
-- Installing: /home/lyl/robomaster/install/robomaster_vision/share/robomaster_vision/launch
-- Installing: /home/lyl/robomaster/install/robomaster_vision/share/robomaster_vision/launch/robomaster_launch.py
-- Installing: /home/lyl/robomaster/install/robomaster_vision/lib/robomaster_vision/video_publisher
-- Set runtime path of "/home/lyl/robomaster/install/robomaster_vision/lib/robomaster_vision/video_publisher" to ""
-- Installing: /home/lyl/robomaster/install/robomaster_vision/lib/robomaster_vision/image_processor
-- Set runtime path of "/home/lyl/robomaster/install/robomaster_vision/lib/robomaster_vision/image_processor" to ""
-- Installing: /home/lyl/robomaster/install/robomaster_vision/lib/robomaster_vision/predictor_node
-- Set runtime path of "/home/lyl/robomaster/install/robomaster_vision/lib/robomaster_vision/predictor_node" to ""
-- Installing: /home/lyl/robomaster/install/robomaster_vision/lib/robomaster_vision/result_display
-- Set runtime path of "/home/lyl/robomaster/install/robomaster_vision/lib/robomaster_vision/result_display" to ""
-- Installing: /home/lyl/robomaster/install/robomaster_vision/share/ament_index/resource_index/package_run_dependencies/robomaster_vision
-- Installing: /home/lyl/robomaster/install/robomaster_vision/share/ament_index/resource_index/parent_prefix_path/robomaster_vision
-- Installing: /home/lyl/robomaster/install/robomaster_vision/share/robomaster_vision/environment/ament_prefix_path.sh
-- Installing: /home/lyl/robomaster/install/robomaster_vision/share/robomaster_vision/environment/ament_prefix_path.dsv
-- Installing: /home/lyl/robomaster/install/robomaster_vision/share/robomaster_vision/environment/path.sh
-- Installing: /home/lyl/robomaster/install/robomaster_vision/share/robomaster_vision/environment/path.dsv
-- Installing: /home/lyl/robomaster/install/robomaster_vision/share/robomaster_vision/local_setup.bash
-- Installing: /home/lyl/robomaster/install/robomaster_vision/share/robomaster_vision/local_setup.sh
-- Installing: /home/lyl/robomaster/install/robomaster_vision/share/robomaster_vision/local_setup.zsh
-- Installing: /home/lyl/robomaster/install/robomaster_vision/share/robomaster_vision/local_setup.dsv
-- Installing: /home/lyl/robomaster/install/robomaster_vision/share/robomaster_vision/package.dsv
-- Installing: /home/lyl/robomaster/install/robomaster_vision/share/ament_index/resource_index/packages/robomaster_vision
-- Installing: /home/lyl/robomaster/install/robomaster_vision/share/robomaster_vision/cmake/robomaster_visionConfig.cmake
-- Installing: /home/lyl/robomaster/install/robomaster_vision/share/robomaster_vision/cmake/robomaster_visionConfig-version.cmake
-- Installing: /home/lyl/robomaster/install/robomaster_vision/share/robomaster_vision/package.xml
