[0.006s] Invoking command in '/home/lyl/robomaster/build/robomaster_vision': CMAKE_PREFIX_PATH=${CMAKE_PREFIX_PATH}:/opt/ros/humble /usr/bin/cmake /home/lyl/robomaster/src/robomaster_vision -DCMAKE_BUILD_TYPE=Release -DCMAKE_INSTALL_PREFIX=/home/lyl/robomaster/install/robomaster_vision
[0.053s] -- The C compiler identification is GNU 11.4.0
[0.107s] -- The CXX compiler identification is GNU 11.4.0
[0.111s] -- Detecting C compiler ABI info
[0.179s] -- Detecting C compiler ABI info - done
[0.186s] -- Check for working C compiler: /usr/bin/cc - skipped
[0.187s] -- Detecting C compile features
[0.187s] -- Detecting C compile features - done
[0.188s] -- Detecting CXX compiler ABI info
[0.272s] -- Detecting CXX compiler ABI info - done
[0.279s] -- Check for working CXX compiler: /usr/bin/c++ - skipped
[0.279s] -- Detecting CXX compile features
[0.280s] -- Detecting CXX compile features - done
[0.281s] -- Found ament_cmake: 1.3.11 (/opt/ros/humble/share/ament_cmake/cmake)
[0.392s] -- Found Python3: /usr/bin/python3 (found version "3.10.12") found components: Interpreter 
[0.438s] -- Found rclcpp: 16.0.11 (/opt/ros/humble/share/rclcpp/cmake)
[0.462s] -- Found rosidl_generator_c: 3.1.6 (/opt/ros/humble/share/rosidl_generator_c/cmake)
[0.464s] -- Found rosidl_adapter: 3.1.6 (/opt/ros/humble/share/rosidl_adapter/cmake)
[0.468s] -- Found rosidl_generator_cpp: 3.1.6 (/opt/ros/humble/share/rosidl_generator_cpp/cmake)
[0.477s] -- Using all available rosidl_typesupport_c: rosidl_typesupport_fastrtps_c;rosidl_typesupport_introspection_c
[0.483s] -- Using all available rosidl_typesupport_cpp: rosidl_typesupport_fastrtps_cpp;rosidl_typesupport_introspection_cpp
[0.502s] -- Found rmw_implementation_cmake: 6.1.2 (/opt/ros/humble/share/rmw_implementation_cmake/cmake)
[0.503s] -- Found rmw_fastrtps_cpp: 6.2.7 (/opt/ros/humble/share/rmw_fastrtps_cpp/cmake)
[0.577s] -- Found OpenSSL: /usr/lib/x86_64-linux-gnu/libcrypto.so (found version "3.0.2")  
[0.596s] -- Found FastRTPS: /opt/ros/humble/include  
[0.620s] -- Using RMW implementation 'rmw_fastrtps_cpp' as default
[0.628s] -- Looking for pthread.h
[0.696s] -- Looking for pthread.h - found
[0.696s] -- Performing Test CMAKE_HAVE_LIBC_PTHREAD
[0.776s] -- Performing Test CMAKE_HAVE_LIBC_PTHREAD - Success
[0.777s] -- Found Threads: TRUE  
[0.808s] -- Found sensor_msgs: 4.2.4 (/opt/ros/humble/share/sensor_msgs/cmake)
[0.825s] -- Found OpenCV: /usr (found version "4.5.4") 
[0.825s] -- Found cv_bridge: 3.2.1 (/opt/ros/humble/share/cv_bridge/cmake)
[0.867s] -- Configuring done
[0.879s] -- Generating done
[0.883s] -- Build files have been written to: /home/lyl/robomaster/build/robomaster_vision
[0.889s] Invoked command in '/home/lyl/robomaster/build/robomaster_vision' returned '0': CMAKE_PREFIX_PATH=${CMAKE_PREFIX_PATH}:/opt/ros/humble /usr/bin/cmake /home/lyl/robomaster/src/robomaster_vision -DCMAKE_BUILD_TYPE=Release -DCMAKE_INSTALL_PREFIX=/home/lyl/robomaster/install/robomaster_vision
[0.889s] Invoking command in '/home/lyl/robomaster/build/robomaster_vision': CMAKE_PREFIX_PATH=${CMAKE_PREFIX_PATH}:/opt/ros/humble /usr/bin/cmake --build /home/lyl/robomaster/build/robomaster_vision -- -j32 -l32
[0.938s] [  8%] [32mBuilding CXX object CMakeFiles/video_publisher.dir/src/video_publisher.cpp.o[0m
[0.938s] [ 16%] [32mBuilding CXX object CMakeFiles/image_processor.dir/src/KNN.cpp.o[0m
[0.938s] [ 25%] [32mBuilding CXX object CMakeFiles/image_processor.dir/src/Judge_Light.cpp.o[0m
[0.938s] [ 33%] [32mBuilding CXX object CMakeFiles/predictor_node.dir/src/predictor_node.cpp.o[0m
[0.938s] [ 41%] [32mBuilding CXX object CMakeFiles/image_processor.dir/src/Light.cpp.o[0m
[0.939s] [ 50%] [32mBuilding CXX object CMakeFiles/image_processor.dir/src/image_processor.cpp.o[0m
[0.939s] [ 58%] [32mBuilding CXX object CMakeFiles/result_display.dir/src/result_display.cpp.o[0m
[0.939s] [ 66%] [32mBuilding CXX object CMakeFiles/image_processor.dir/src/Armor.cpp.o[0m
[4.963s] [01m[K/home/lyl/robomaster/src/robomaster_vision/src/image_processor.cpp:[m[K In constructor ‘[01m[KImageProcessor::ImageProcessor()[m[K’:
[4.963s] [01m[K/home/lyl/robomaster/src/robomaster_vision/src/image_processor.cpp:30:15:[m[K [01;35m[Kwarning: [m[Kignoring return value of ‘[01m[Kchar* getcwd(char*, size_t)[m[K’ declared with attribute ‘[01m[Kwarn_unused_result[m[K’ [[01;35m[K]8;;https://gcc.gnu.org/onlinedocs/gcc/Warning-Options.html#index-Wunused-result-Wunused-result]8;;[m[K]
[4.963s]    30 |         [01;35m[Kgetcwd(cwd, sizeof(cwd))[m[K;
[4.963s]       |         [01;35m[K~~~~~~^~~~~~~~~~~~~~~~~~[m[K
[5.061s] [ 75%] [32m[1mLinking CXX executable video_publisher[0m
[5.297s] [ 75%] Built target video_publisher
[6.991s] [ 83%] [32m[1mLinking CXX executable predictor_node[0m
[7.075s] [ 83%] Built target predictor_node
[8.362s] [ 91%] [32m[1mLinking CXX executable image_processor[0m
[8.577s] [ 91%] Built target image_processor
[9.052s] [100%] [32m[1mLinking CXX executable result_display[0m
[9.305s] [100%] Built target result_display
[9.317s] Invoked command in '/home/lyl/robomaster/build/robomaster_vision' returned '0': CMAKE_PREFIX_PATH=${CMAKE_PREFIX_PATH}:/opt/ros/humble /usr/bin/cmake --build /home/lyl/robomaster/build/robomaster_vision -- -j32 -l32
[9.328s] Invoking command in '/home/lyl/robomaster/build/robomaster_vision': CMAKE_PREFIX_PATH=${CMAKE_PREFIX_PATH}:/opt/ros/humble /usr/bin/cmake --install /home/lyl/robomaster/build/robomaster_vision
[9.336s] -- Install configuration: "Release"
[9.336s] -- Installing: /home/lyl/robomaster/install/robomaster_vision/share/robomaster_vision/launch
[9.336s] -- Installing: /home/lyl/robomaster/install/robomaster_vision/share/robomaster_vision/launch/robomaster_launch.py
[9.336s] -- Installing: /home/lyl/robomaster/install/robomaster_vision/lib/robomaster_vision/video_publisher
[9.336s] -- Set runtime path of "/home/lyl/robomaster/install/robomaster_vision/lib/robomaster_vision/video_publisher" to ""
[9.337s] -- Installing: /home/lyl/robomaster/install/robomaster_vision/lib/robomaster_vision/image_processor
[9.337s] -- Set runtime path of "/home/lyl/robomaster/install/robomaster_vision/lib/robomaster_vision/image_processor" to ""
[9.337s] -- Installing: /home/lyl/robomaster/install/robomaster_vision/lib/robomaster_vision/predictor_node
[9.338s] -- Set runtime path of "/home/lyl/robomaster/install/robomaster_vision/lib/robomaster_vision/predictor_node" to ""
[9.338s] -- Installing: /home/lyl/robomaster/install/robomaster_vision/lib/robomaster_vision/result_display
[9.339s] -- Set runtime path of "/home/lyl/robomaster/install/robomaster_vision/lib/robomaster_vision/result_display" to ""
[9.339s] -- Installing: /home/lyl/robomaster/install/robomaster_vision/share/ament_index/resource_index/package_run_dependencies/robomaster_vision
[9.339s] -- Installing: /home/lyl/robomaster/install/robomaster_vision/share/ament_index/resource_index/parent_prefix_path/robomaster_vision
[9.339s] -- Installing: /home/lyl/robomaster/install/robomaster_vision/share/robomaster_vision/environment/ament_prefix_path.sh
[9.339s] -- Installing: /home/lyl/robomaster/install/robomaster_vision/share/robomaster_vision/environment/ament_prefix_path.dsv
[9.339s] -- Installing: /home/lyl/robomaster/install/robomaster_vision/share/robomaster_vision/environment/path.sh
[9.339s] -- Installing: /home/lyl/robomaster/install/robomaster_vision/share/robomaster_vision/environment/path.dsv
[9.339s] -- Installing: /home/lyl/robomaster/install/robomaster_vision/share/robomaster_vision/local_setup.bash
[9.339s] -- Installing: /home/lyl/robomaster/install/robomaster_vision/share/robomaster_vision/local_setup.sh
[9.339s] -- Installing: /home/lyl/robomaster/install/robomaster_vision/share/robomaster_vision/local_setup.zsh
[9.339s] -- Installing: /home/lyl/robomaster/install/robomaster_vision/share/robomaster_vision/local_setup.dsv
[9.339s] -- Installing: /home/lyl/robomaster/install/robomaster_vision/share/robomaster_vision/package.dsv
[9.339s] -- Installing: /home/lyl/robomaster/install/robomaster_vision/share/ament_index/resource_index/packages/robomaster_vision
[9.339s] -- Installing: /home/lyl/robomaster/install/robomaster_vision/share/robomaster_vision/cmake/robomaster_visionConfig.cmake
[9.339s] -- Installing: /home/lyl/robomaster/install/robomaster_vision/share/robomaster_vision/cmake/robomaster_visionConfig-version.cmake
[9.340s] -- Installing: /home/lyl/robomaster/install/robomaster_vision/share/robomaster_vision/package.xml
[9.340s] Invoked command in '/home/lyl/robomaster/build/robomaster_vision' returned '0': CMAKE_PREFIX_PATH=${CMAKE_PREFIX_PATH}:/opt/ros/humble /usr/bin/cmake --install /home/lyl/robomaster/build/robomaster_vision
