[0.006s] Invoking command in '/home/lyl/robomaster/build/robomaster_vision': CMAKE_PREFIX_PATH=${CMAKE_PREFIX_PATH}:/opt/ros/humble /usr/bin/cmake --build /home/lyl/robomaster/build/robomaster_vision -- -j32 -l32
[0.046s] [35m[1mConsolidate compiler generated dependencies of target image_processor[0m
[0.059s] [ 33%] Built target video_publisher
[0.059s] [ 41%] Built target result_display
[0.059s] [ 50%] Built target predictor_node
[0.067s] [ 58%] [32mBuilding CXX object CMakeFiles/image_processor.dir/src/Light.cpp.o[0m
[1.239s] [ 66%] [32m[1mLinking CXX executable image_processor[0m
[1.506s] [100%] Built target image_processor
[1.518s] Invoked command in '/home/lyl/robomaster/build/robomaster_vision' returned '0': CMAKE_PREFIX_PATH=${CMAKE_PREFIX_PATH}:/opt/ros/humble /usr/bin/cmake --build /home/lyl/robomaster/build/robomaster_vision -- -j32 -l32
[1.524s] Invoking command in '/home/lyl/robomaster/build/robomaster_vision': CMAKE_PREFIX_PATH=${CMAKE_PREFIX_PATH}:/opt/ros/humble /usr/bin/cmake --install /home/lyl/robomaster/build/robomaster_vision
[1.531s] -- Install configuration: "Release"
[1.531s] -- Up-to-date: /home/lyl/robomaster/install/robomaster_vision/share/robomaster_vision/launch
[1.531s] -- Up-to-date: /home/lyl/robomaster/install/robomaster_vision/share/robomaster_vision/launch/robomaster_launch.py
[1.531s] -- Up-to-date: /home/lyl/robomaster/install/robomaster_vision/lib/robomaster_vision/video_publisher
[1.531s] -- Installing: /home/lyl/robomaster/install/robomaster_vision/lib/robomaster_vision/image_processor
[1.532s] -- Set runtime path of "/home/lyl/robomaster/install/robomaster_vision/lib/robomaster_vision/image_processor" to ""
[1.532s] -- Up-to-date: /home/lyl/robomaster/install/robomaster_vision/lib/robomaster_vision/predictor_node
[1.532s] -- Up-to-date: /home/lyl/robomaster/install/robomaster_vision/lib/robomaster_vision/result_display
[1.532s] -- Up-to-date: /home/lyl/robomaster/install/robomaster_vision/share/ament_index/resource_index/package_run_dependencies/robomaster_vision
[1.533s] -- Up-to-date: /home/lyl/robomaster/install/robomaster_vision/share/ament_index/resource_index/parent_prefix_path/robomaster_vision
[1.533s] -- Up-to-date: /home/lyl/robomaster/install/robomaster_vision/share/robomaster_vision/environment/ament_prefix_path.sh
[1.533s] -- Up-to-date: /home/lyl/robomaster/install/robomaster_vision/share/robomaster_vision/environment/ament_prefix_path.dsv
[1.533s] -- Up-to-date: /home/lyl/robomaster/install/robomaster_vision/share/robomaster_vision/environment/path.sh
[1.533s] -- Up-to-date: /home/lyl/robomaster/install/robomaster_vision/share/robomaster_vision/environment/path.dsv
[1.533s] -- Up-to-date: /home/lyl/robomaster/install/robomaster_vision/share/robomaster_vision/local_setup.bash
[1.533s] -- Up-to-date: /home/lyl/robomaster/install/robomaster_vision/share/robomaster_vision/local_setup.sh
[1.533s] -- Up-to-date: /home/lyl/robomaster/install/robomaster_vision/share/robomaster_vision/local_setup.zsh
[1.533s] -- Up-to-date: /home/lyl/robomaster/install/robomaster_vision/share/robomaster_vision/local_setup.dsv
[1.533s] -- Installing: /home/lyl/robomaster/install/robomaster_vision/share/robomaster_vision/package.dsv
[1.533s] -- Up-to-date: /home/lyl/robomaster/install/robomaster_vision/share/ament_index/resource_index/packages/robomaster_vision
[1.533s] -- Up-to-date: /home/lyl/robomaster/install/robomaster_vision/share/robomaster_vision/cmake/robomaster_visionConfig.cmake
[1.533s] -- Up-to-date: /home/lyl/robomaster/install/robomaster_vision/share/robomaster_vision/cmake/robomaster_visionConfig-version.cmake
[1.533s] -- Up-to-date: /home/lyl/robomaster/install/robomaster_vision/share/robomaster_vision/package.xml
[1.535s] Invoked command in '/home/lyl/robomaster/build/robomaster_vision' returned '0': CMAKE_PREFIX_PATH=${CMAKE_PREFIX_PATH}:/opt/ros/humble /usr/bin/cmake --install /home/lyl/robomaster/build/robomaster_vision
