[0.011s] Invoking command in '/home/lyl/robomaster/build/robomaster_vision': CMAKE_PREFIX_PATH=${CMAKE_PREFIX_PATH}:/opt/ros/humble /usr/bin/cmake --build /home/lyl/robomaster/build/robomaster_vision -- -j32 -l32
[0.044s] [35m[1mConsolidate compiler generated dependencies of target predictor_node[0m
[0.053s] [ 16%] Built target video_publisher
[0.054s] [ 33%] Built target result_display
[0.061s] [ 50%] [32mBuilding CXX object CMakeFiles/image_processor.dir/src/image_processor.cpp.o[0m
[0.061s] [ 50%] [32mBuilding CXX object CMakeFiles/predictor_node.dir/src/predictor_node.cpp.o[0m
[3.966s] [01m[K/home/lyl/robomaster/src/robomaster_vision/src/image_processor.cpp:[m[K In constructor ‘[01m[KImageProcessor::ImageProcessor()[m[K’:
[3.966s] [01m[K/home/lyl/robomaster/src/robomaster_vision/src/image_processor.cpp:30:15:[m[K [01;35m[Kwarning: [m[Kignoring return value of ‘[01m[Kchar* getcwd(char*, size_t)[m[K’ declared with attribute ‘[01m[Kwarn_unused_result[m[K’ [[01;35m[K]8;;https://gcc.gnu.org/onlinedocs/gcc/Warning-Options.html#index-Wunused-result-Wunused-result]8;;[m[K]
[3.966s]    30 |         [01;35m[Kgetcwd(cwd, sizeof(cwd))[m[K;
[3.966s]       |         [01;35m[K~~~~~~^~~~~~~~~~~~~~~~~~[m[K
[7.199s] [ 58%] [32m[1mLinking CXX executable predictor_node[0m
[7.319s] [ 58%] Built target predictor_node
[7.619s] [ 66%] [32m[1mLinking CXX executable image_processor[0m
[7.900s] [100%] Built target image_processor
[7.912s] Invoked command in '/home/lyl/robomaster/build/robomaster_vision' returned '0': CMAKE_PREFIX_PATH=${CMAKE_PREFIX_PATH}:/opt/ros/humble /usr/bin/cmake --build /home/lyl/robomaster/build/robomaster_vision -- -j32 -l32
[7.922s] Invoking command in '/home/lyl/robomaster/build/robomaster_vision': CMAKE_PREFIX_PATH=${CMAKE_PREFIX_PATH}:/opt/ros/humble /usr/bin/cmake --install /home/lyl/robomaster/build/robomaster_vision
[7.935s] -- Install configuration: "Release"
[7.935s] -- Up-to-date: /home/lyl/robomaster/install/robomaster_vision/share/robomaster_vision/launch
[7.935s] -- Up-to-date: /home/lyl/robomaster/install/robomaster_vision/share/robomaster_vision/launch/robomaster_launch.py
[7.935s] -- Up-to-date: /home/lyl/robomaster/install/robomaster_vision/lib/robomaster_vision/video_publisher
[7.935s] -- Installing: /home/lyl/robomaster/install/robomaster_vision/lib/robomaster_vision/image_processor
[7.936s] -- Set runtime path of "/home/lyl/robomaster/install/robomaster_vision/lib/robomaster_vision/image_processor" to ""
[7.936s] -- Installing: /home/lyl/robomaster/install/robomaster_vision/lib/robomaster_vision/predictor_node
[7.937s] -- Set runtime path of "/home/lyl/robomaster/install/robomaster_vision/lib/robomaster_vision/predictor_node" to ""
[7.937s] -- Up-to-date: /home/lyl/robomaster/install/robomaster_vision/lib/robomaster_vision/result_display
[7.937s] -- Up-to-date: /home/lyl/robomaster/install/robomaster_vision/share/ament_index/resource_index/package_run_dependencies/robomaster_vision
[7.938s] -- Up-to-date: /home/lyl/robomaster/install/robomaster_vision/share/ament_index/resource_index/parent_prefix_path/robomaster_vision
[7.938s] -- Up-to-date: /home/lyl/robomaster/install/robomaster_vision/share/robomaster_vision/environment/ament_prefix_path.sh
[7.938s] -- Up-to-date: /home/lyl/robomaster/install/robomaster_vision/share/robomaster_vision/environment/ament_prefix_path.dsv
[7.938s] -- Up-to-date: /home/lyl/robomaster/install/robomaster_vision/share/robomaster_vision/environment/path.sh
[7.938s] -- Up-to-date: /home/lyl/robomaster/install/robomaster_vision/share/robomaster_vision/environment/path.dsv
[7.938s] -- Up-to-date: /home/lyl/robomaster/install/robomaster_vision/share/robomaster_vision/local_setup.bash
[7.938s] -- Up-to-date: /home/lyl/robomaster/install/robomaster_vision/share/robomaster_vision/local_setup.sh
[7.938s] -- Up-to-date: /home/lyl/robomaster/install/robomaster_vision/share/robomaster_vision/local_setup.zsh
[7.938s] -- Up-to-date: /home/lyl/robomaster/install/robomaster_vision/share/robomaster_vision/local_setup.dsv
[7.938s] -- Installing: /home/lyl/robomaster/install/robomaster_vision/share/robomaster_vision/package.dsv
[7.938s] -- Up-to-date: /home/lyl/robomaster/install/robomaster_vision/share/ament_index/resource_index/packages/robomaster_vision
[7.938s] -- Up-to-date: /home/lyl/robomaster/install/robomaster_vision/share/robomaster_vision/cmake/robomaster_visionConfig.cmake
[7.938s] -- Up-to-date: /home/lyl/robomaster/install/robomaster_vision/share/robomaster_vision/cmake/robomaster_visionConfig-version.cmake
[7.938s] -- Up-to-date: /home/lyl/robomaster/install/robomaster_vision/share/robomaster_vision/package.xml
[7.940s] Invoked command in '/home/lyl/robomaster/build/robomaster_vision' returned '0': CMAKE_PREFIX_PATH=${CMAKE_PREFIX_PATH}:/opt/ros/humble /usr/bin/cmake --install /home/lyl/robomaster/build/robomaster_vision
