[0.005s] Invoking command in '/home/lyl/robomaster/build/robomaster_vision': CMAKE_PREFIX_PATH=/opt/ros/humble /usr/bin/cmake /home/lyl/robomaster/src/robomaster_vision -DCMAKE_INSTALL_PREFIX=/home/lyl/robomaster/install/robomaster_vision
[0.050s] -- The C compiler identification is GNU 11.4.0
[0.112s] -- The CXX compiler identification is GNU 11.4.0
[0.116s] -- Detecting C compiler ABI info
[0.202s] -- Detecting C compiler ABI info - done
[0.206s] -- Check for working C compiler: /usr/bin/cc - skipped
[0.206s] -- Detecting C compile features
[0.206s] -- Detecting C compile features - done
[0.208s] -- Detecting CXX compiler ABI info
[0.317s] -- Detecting CXX compiler ABI info - done
[0.321s] -- Check for working CXX compiler: /usr/bin/c++ - skipped
[0.321s] -- Detecting CXX compile features
[0.321s] -- Detecting CXX compile features - done
[0.322s] -- Found ament_cmake: 1.3.11 (/opt/ros/humble/share/ament_cmake/cmake)
[0.428s] -- Found Python3: /usr/bin/python3 (found version "3.10.12") found components: Interpreter 
[0.472s] -- Found rclcpp: 16.0.11 (/opt/ros/humble/share/rclcpp/cmake)
[0.489s] -- Found rosidl_generator_c: 3.1.6 (/opt/ros/humble/share/rosidl_generator_c/cmake)
[0.491s] -- Found rosidl_adapter: 3.1.6 (/opt/ros/humble/share/rosidl_adapter/cmake)
[0.494s] -- Found rosidl_generator_cpp: 3.1.6 (/opt/ros/humble/share/rosidl_generator_cpp/cmake)
[0.499s] -- Using all available rosidl_typesupport_c: rosidl_typesupport_fastrtps_c;rosidl_typesupport_introspection_c
[0.506s] -- Using all available rosidl_typesupport_cpp: rosidl_typesupport_fastrtps_cpp;rosidl_typesupport_introspection_cpp
[0.523s] -- Found rmw_implementation_cmake: 6.1.2 (/opt/ros/humble/share/rmw_implementation_cmake/cmake)
[0.524s] -- Found rmw_fastrtps_cpp: 6.2.7 (/opt/ros/humble/share/rmw_fastrtps_cpp/cmake)
[0.600s] -- Found OpenSSL: /usr/lib/x86_64-linux-gnu/libcrypto.so (found version "3.0.2")  
[0.623s] -- Found FastRTPS: /opt/ros/humble/include  
[0.653s] -- Using RMW implementation 'rmw_fastrtps_cpp' as default
[0.659s] -- Looking for pthread.h
[0.752s] -- Looking for pthread.h - found
[0.753s] -- Performing Test CMAKE_HAVE_LIBC_PTHREAD
[0.855s] -- Performing Test CMAKE_HAVE_LIBC_PTHREAD - Success
[0.856s] -- Found Threads: TRUE  
[0.881s] -- Found sensor_msgs: 4.2.4 (/opt/ros/humble/share/sensor_msgs/cmake)
[0.899s] -- Found OpenCV: /usr (found version "4.5.4") 
[0.899s] -- Found cv_bridge: 3.2.1 (/opt/ros/humble/share/cv_bridge/cmake)
[0.935s] -- Configuring done
[0.947s] -- Generating done
[0.951s] -- Build files have been written to: /home/lyl/robomaster/build/robomaster_vision
[0.958s] Invoked command in '/home/lyl/robomaster/build/robomaster_vision' returned '0': CMAKE_PREFIX_PATH=/opt/ros/humble /usr/bin/cmake /home/lyl/robomaster/src/robomaster_vision -DCMAKE_INSTALL_PREFIX=/home/lyl/robomaster/install/robomaster_vision
[0.959s] Invoking command in '/home/lyl/robomaster/build/robomaster_vision': CMAKE_PREFIX_PATH=/opt/ros/humble /usr/bin/cmake --build /home/lyl/robomaster/build/robomaster_vision -- -j32 -l32
[1.000s] [  8%] [32mBuilding CXX object CMakeFiles/video_publisher.dir/src/video_publisher.cpp.o[0m
[1.001s] [ 16%] [32mBuilding CXX object CMakeFiles/image_processor.dir/src/image_processor.cpp.o[0m
[1.003s] [ 25%] [32mBuilding CXX object CMakeFiles/image_processor.dir/src/Armor.cpp.o[0m
[1.004s] [ 33%] [32mBuilding CXX object CMakeFiles/image_processor.dir/src/Light.cpp.o[0m
[1.004s] [ 41%] [32mBuilding CXX object CMakeFiles/image_processor.dir/src/KNN.cpp.o[0m
[1.005s] [ 50%] [32mBuilding CXX object CMakeFiles/image_processor.dir/src/Judge_Light.cpp.o[0m
[1.005s] [ 58%] [32mBuilding CXX object CMakeFiles/predictor_node.dir/src/predictor_node.cpp.o[0m
[1.005s] [ 66%] [32mBuilding CXX object CMakeFiles/result_display.dir/src/result_display.cpp.o[0m
[4.853s] [ 75%] [32m[1mLinking CXX executable video_publisher[0m
[5.185s] [ 75%] Built target video_publisher
[6.153s] [ 83%] [32m[1mLinking CXX executable predictor_node[0m
[6.374s] [ 83%] Built target predictor_node
[7.152s] [ 91%] [32m[1mLinking CXX executable image_processor[0m
[7.605s] [ 91%] Built target image_processor
[8.273s] [100%] [32m[1mLinking CXX executable result_display[0m
[8.771s] [100%] Built target result_display
[8.782s] Invoked command in '/home/lyl/robomaster/build/robomaster_vision' returned '0': CMAKE_PREFIX_PATH=/opt/ros/humble /usr/bin/cmake --build /home/lyl/robomaster/build/robomaster_vision -- -j32 -l32
[8.794s] Invoking command in '/home/lyl/robomaster/build/robomaster_vision': CMAKE_PREFIX_PATH=/opt/ros/humble /usr/bin/cmake --install /home/lyl/robomaster/build/robomaster_vision
[8.802s] -- Install configuration: ""
[8.802s] -- Installing: /home/lyl/robomaster/install/robomaster_vision/lib/robomaster_vision/video_publisher
[8.803s] -- Set runtime path of "/home/lyl/robomaster/install/robomaster_vision/lib/robomaster_vision/video_publisher" to ""
[8.804s] -- Installing: /home/lyl/robomaster/install/robomaster_vision/lib/robomaster_vision/image_processor
[8.806s] -- Set runtime path of "/home/lyl/robomaster/install/robomaster_vision/lib/robomaster_vision/image_processor" to ""
[8.806s] -- Installing: /home/lyl/robomaster/install/robomaster_vision/lib/robomaster_vision/predictor_node
[8.807s] -- Set runtime path of "/home/lyl/robomaster/install/robomaster_vision/lib/robomaster_vision/predictor_node" to ""
[8.807s] -- Installing: /home/lyl/robomaster/install/robomaster_vision/lib/robomaster_vision/result_display
[8.810s] -- Set runtime path of "/home/lyl/robomaster/install/robomaster_vision/lib/robomaster_vision/result_display" to ""
[8.810s] -- Installing: /home/lyl/robomaster/install/robomaster_vision/share/ament_index/resource_index/package_run_dependencies/robomaster_vision
[8.810s] -- Installing: /home/lyl/robomaster/install/robomaster_vision/share/ament_index/resource_index/parent_prefix_path/robomaster_vision
[8.810s] -- Installing: /home/lyl/robomaster/install/robomaster_vision/share/robomaster_vision/environment/ament_prefix_path.sh
[8.810s] -- Installing: /home/lyl/robomaster/install/robomaster_vision/share/robomaster_vision/environment/ament_prefix_path.dsv
[8.810s] -- Installing: /home/lyl/robomaster/install/robomaster_vision/share/robomaster_vision/environment/path.sh
[8.810s] -- Installing: /home/lyl/robomaster/install/robomaster_vision/share/robomaster_vision/environment/path.dsv
[8.810s] -- Installing: /home/lyl/robomaster/install/robomaster_vision/share/robomaster_vision/local_setup.bash
[8.810s] -- Installing: /home/lyl/robomaster/install/robomaster_vision/share/robomaster_vision/local_setup.sh
[8.810s] -- Installing: /home/lyl/robomaster/install/robomaster_vision/share/robomaster_vision/local_setup.zsh
[8.810s] -- Installing: /home/lyl/robomaster/install/robomaster_vision/share/robomaster_vision/local_setup.dsv
[8.810s] -- Installing: /home/lyl/robomaster/install/robomaster_vision/share/robomaster_vision/package.dsv
[8.810s] -- Installing: /home/lyl/robomaster/install/robomaster_vision/share/ament_index/resource_index/packages/robomaster_vision
[8.811s] -- Installing: /home/lyl/robomaster/install/robomaster_vision/share/robomaster_vision/cmake/robomaster_visionConfig.cmake
[8.811s] -- Installing: /home/lyl/robomaster/install/robomaster_vision/share/robomaster_vision/cmake/robomaster_visionConfig-version.cmake
[8.811s] -- Installing: /home/lyl/robomaster/install/robomaster_vision/share/robomaster_vision/package.xml
[8.812s] Invoked command in '/home/lyl/robomaster/build/robomaster_vision' returned '0': CMAKE_PREFIX_PATH=/opt/ros/humble /usr/bin/cmake --install /home/lyl/robomaster/build/robomaster_vision
