[0.007s] Invoking command in '/home/lyl/robomaster/build/robomaster_vision': CMAKE_PREFIX_PATH=${CMAKE_PREFIX_PATH}:/opt/ros/humble /usr/bin/cmake /home/lyl/robomaster/src/robomaster_vision -DCMAKE_INSTALL_PREFIX=/home/lyl/robomaster/install/robomaster_vision
[0.068s] -- The C compiler identification is GNU 11.4.0
[0.155s] -- The CXX compiler identification is GNU 11.4.0
[0.170s] -- Detecting C compiler ABI info
[0.305s] -- Detecting C compiler ABI info - done
[0.310s] -- Check for working C compiler: /usr/bin/cc - skipped
[0.310s] -- Detecting C compile features
[0.311s] -- Detecting C compile features - done
[0.313s] -- Detecting CXX compiler ABI info
[0.421s] -- Detecting CXX compiler ABI info - done
[0.425s] -- Check for working CXX compiler: /usr/bin/c++ - skipped
[0.425s] -- Detecting CXX compile features
[0.426s] -- Detecting CXX compile features - done
[0.427s] -- Found ament_cmake: 1.3.11 (/opt/ros/humble/share/ament_cmake/cmake)
[0.556s] -- Found Python3: /usr/bin/python3 (found version "3.10.12") found components: Interpreter 
[0.602s] -- Found rclcpp: 16.0.11 (/opt/ros/humble/share/rclcpp/cmake)
[0.623s] -- Found rosidl_generator_c: 3.1.6 (/opt/ros/humble/share/rosidl_generator_c/cmake)
[0.625s] -- Found rosidl_adapter: 3.1.6 (/opt/ros/humble/share/rosidl_adapter/cmake)
[0.628s] -- Found rosidl_generator_cpp: 3.1.6 (/opt/ros/humble/share/rosidl_generator_cpp/cmake)
[0.634s] -- Using all available rosidl_typesupport_c: rosidl_typesupport_fastrtps_c;rosidl_typesupport_introspection_c
[0.641s] -- Using all available rosidl_typesupport_cpp: rosidl_typesupport_fastrtps_cpp;rosidl_typesupport_introspection_cpp
[0.660s] -- Found rmw_implementation_cmake: 6.1.2 (/opt/ros/humble/share/rmw_implementation_cmake/cmake)
[0.661s] -- Found rmw_fastrtps_cpp: 6.2.7 (/opt/ros/humble/share/rmw_fastrtps_cpp/cmake)
[0.717s] -- Found OpenSSL: /usr/lib/x86_64-linux-gnu/libcrypto.so (found version "3.0.2")  
[0.740s] -- Found FastRTPS: /opt/ros/humble/include  
[0.767s] -- Using RMW implementation 'rmw_fastrtps_cpp' as default
[0.774s] -- Looking for pthread.h
[0.894s] -- Looking for pthread.h - found
[0.894s] -- Performing Test CMAKE_HAVE_LIBC_PTHREAD
[1.000s] -- Performing Test CMAKE_HAVE_LIBC_PTHREAD - Success
[1.000s] -- Found Threads: TRUE  
[1.031s] -- Found sensor_msgs: 4.2.4 (/opt/ros/humble/share/sensor_msgs/cmake)
[1.050s] -- Found OpenCV: /usr (found version "4.5.4") 
[1.050s] -- Found cv_bridge: 3.2.1 (/opt/ros/humble/share/cv_bridge/cmake)
[1.087s] -- Configuring done
[1.097s] -- Generating done
[1.101s] -- Build files have been written to: /home/lyl/robomaster/build/robomaster_vision
[1.109s] Invoked command in '/home/lyl/robomaster/build/robomaster_vision' returned '0': CMAKE_PREFIX_PATH=${CMAKE_PREFIX_PATH}:/opt/ros/humble /usr/bin/cmake /home/lyl/robomaster/src/robomaster_vision -DCMAKE_INSTALL_PREFIX=/home/lyl/robomaster/install/robomaster_vision
[1.109s] Invoking command in '/home/lyl/robomaster/build/robomaster_vision': CMAKE_PREFIX_PATH=${CMAKE_PREFIX_PATH}:/opt/ros/humble /usr/bin/cmake --build /home/lyl/robomaster/build/robomaster_vision -- -j32 -l32
[1.147s] [ 20%] [32mBuilding CXX object CMakeFiles/image_processor.dir/src/Armor.cpp.o[0m
[1.147s] [ 20%] [32mBuilding CXX object CMakeFiles/image_processor.dir/src/KNN.cpp.o[0m
[1.148s] [ 30%] [32mBuilding CXX object CMakeFiles/video_publisher.dir/src/video_publisher.cpp.o[0m
[1.148s] [ 40%] [32mBuilding CXX object CMakeFiles/result_display.dir/src/result_display.cpp.o[0m
[1.148s] [ 60%] [32mBuilding CXX object CMakeFiles/image_processor.dir/src/Light.cpp.o[0m
[1.148s] [ 60%] [32mBuilding CXX object CMakeFiles/image_processor.dir/src/image_processor.cpp.o[0m
[1.149s] [ 70%] [32mBuilding CXX object CMakeFiles/image_processor.dir/src/Judge_Light.cpp.o[0m
[4.758s] [ 80%] [32m[1mLinking CXX executable video_publisher[0m
[5.089s] [ 80%] Built target video_publisher
[6.491s] [ 90%] [32m[1mLinking CXX executable result_display[0m
[6.794s] [100%] [32m[1mLinking CXX executable image_processor[0m
[6.917s] [100%] Built target result_display
[7.236s] [100%] Built target image_processor
[7.248s] Invoked command in '/home/lyl/robomaster/build/robomaster_vision' returned '0': CMAKE_PREFIX_PATH=${CMAKE_PREFIX_PATH}:/opt/ros/humble /usr/bin/cmake --build /home/lyl/robomaster/build/robomaster_vision -- -j32 -l32
[7.258s] Invoking command in '/home/lyl/robomaster/build/robomaster_vision': CMAKE_PREFIX_PATH=${CMAKE_PREFIX_PATH}:/opt/ros/humble /usr/bin/cmake --install /home/lyl/robomaster/build/robomaster_vision
[7.266s] -- Install configuration: ""
[7.267s] -- Installing: /home/lyl/robomaster/install/robomaster_vision/lib/robomaster_vision/video_publisher
[7.268s] -- Set runtime path of "/home/lyl/robomaster/install/robomaster_vision/lib/robomaster_vision/video_publisher" to ""
[7.268s] -- Installing: /home/lyl/robomaster/install/robomaster_vision/lib/robomaster_vision/image_processor
[7.271s] -- Set runtime path of "/home/lyl/robomaster/install/robomaster_vision/lib/robomaster_vision/image_processor" to ""
[7.271s] -- Installing: /home/lyl/robomaster/install/robomaster_vision/lib/robomaster_vision/result_display
[7.274s] -- Set runtime path of "/home/lyl/robomaster/install/robomaster_vision/lib/robomaster_vision/result_display" to ""
[7.274s] -- Installing: /home/lyl/robomaster/install/robomaster_vision/share/ament_index/resource_index/package_run_dependencies/robomaster_vision
[7.274s] -- Installing: /home/lyl/robomaster/install/robomaster_vision/share/ament_index/resource_index/parent_prefix_path/robomaster_vision
[7.274s] -- Installing: /home/lyl/robomaster/install/robomaster_vision/share/robomaster_vision/environment/ament_prefix_path.sh
[7.274s] -- Installing: /home/lyl/robomaster/install/robomaster_vision/share/robomaster_vision/environment/ament_prefix_path.dsv
[7.274s] -- Installing: /home/lyl/robomaster/install/robomaster_vision/share/robomaster_vision/environment/path.sh
[7.274s] -- Installing: /home/lyl/robomaster/install/robomaster_vision/share/robomaster_vision/environment/path.dsv
[7.274s] -- Installing: /home/lyl/robomaster/install/robomaster_vision/share/robomaster_vision/local_setup.bash
[7.274s] -- Installing: /home/lyl/robomaster/install/robomaster_vision/share/robomaster_vision/local_setup.sh
[7.274s] -- Installing: /home/lyl/robomaster/install/robomaster_vision/share/robomaster_vision/local_setup.zsh
[7.274s] -- Installing: /home/lyl/robomaster/install/robomaster_vision/share/robomaster_vision/local_setup.dsv
[7.274s] -- Installing: /home/lyl/robomaster/install/robomaster_vision/share/robomaster_vision/package.dsv
[7.274s] -- Installing: /home/lyl/robomaster/install/robomaster_vision/share/ament_index/resource_index/packages/robomaster_vision
[7.275s] -- Installing: /home/lyl/robomaster/install/robomaster_vision/share/robomaster_vision/cmake/robomaster_visionConfig.cmake
[7.275s] -- Installing: /home/lyl/robomaster/install/robomaster_vision/share/robomaster_vision/cmake/robomaster_visionConfig-version.cmake
[7.275s] -- Installing: /home/lyl/robomaster/install/robomaster_vision/share/robomaster_vision/package.xml
[7.277s] Invoked command in '/home/lyl/robomaster/build/robomaster_vision' returned '0': CMAKE_PREFIX_PATH=${CMAKE_PREFIX_PATH}:/opt/ros/humble /usr/bin/cmake --install /home/lyl/robomaster/build/robomaster_vision
