[0.049s] DEBUG:colcon:Command line arguments: ['/usr/bin/colcon', 'build', '--packages-select', 'robomaster_vision']
[0.049s] DEBUG:colcon:Parsed command line arguments: Namespace(log_base=None, log_level=None, verb_name='build', build_base='build', install_base='install', merge_install=False, symlink_install=False, test_result_base=None, continue_on_error=False, executor='parallel', parallel_workers=32, event_handlers=None, ignore_user_meta=False, metas=['./colcon.meta'], base_paths=['.'], packages_ignore=None, packages_ignore_regex=None, paths=None, packages_up_to=None, packages_up_to_regex=None, packages_above=None, packages_above_and_dependencies=None, packages_above_depth=None, packages_select_by_dep=None, packages_skip_by_dep=None, packages_skip_up_to=None, packages_select_build_failed=False, packages_skip_build_finished=False, packages_select_test_failures=False, packages_skip_test_passed=False, packages_select=['robomaster_vision'], packages_skip=None, packages_select_regex=None, packages_skip_regex=None, packages_start=None, packages_end=None, allow_overriding=[], cmake_args=None, cmake_target=None, cmake_target_skip_unavailable=False, cmake_clean_cache=False, cmake_clean_first=False, cmake_force_configure=False, ament_cmake_args=None, catkin_cmake_args=None, catkin_skip_building_tests=False, verb_parser=<colcon_defaults.argument_parser.defaults.DefaultArgumentsDecorator object at 0x7f25caa365c0>, verb_extension=<colcon_core.verb.build.BuildVerb object at 0x7f25caa36170>, main=<bound method BuildVerb.main of <colcon_core.verb.build.BuildVerb object at 0x7f25caa36170>>)
[0.146s] Level 1:colcon.colcon_core.package_discovery:discover_packages(colcon_meta) check parameters
[0.146s] Level 1:colcon.colcon_core.package_discovery:discover_packages(recursive) check parameters
[0.146s] Level 1:colcon.colcon_core.package_discovery:discover_packages(ignore) check parameters
[0.146s] Level 1:colcon.colcon_core.package_discovery:discover_packages(path) check parameters
[0.146s] Level 1:colcon.colcon_core.package_discovery:discover_packages(colcon_meta) discover
[0.146s] Level 1:colcon.colcon_core.package_discovery:discover_packages(recursive) discover
[0.147s] INFO:colcon.colcon_core.package_discovery:Crawling recursively for packages in '/home/lyl/robomaster'
[0.147s] Level 1:colcon.colcon_core.package_identification:_identify(.) by extensions ['ignore', 'ignore_ament_install']
[0.147s] Level 1:colcon.colcon_core.package_identification:_identify(.) by extension 'ignore'
[0.147s] Level 1:colcon.colcon_core.package_identification:_identify(.) by extension 'ignore_ament_install'
[0.147s] Level 1:colcon.colcon_core.package_identification:_identify(.) by extensions ['colcon_pkg']
[0.147s] Level 1:colcon.colcon_core.package_identification:_identify(.) by extension 'colcon_pkg'
[0.147s] Level 1:colcon.colcon_core.package_identification:_identify(.) by extensions ['colcon_meta']
[0.147s] Level 1:colcon.colcon_core.package_identification:_identify(.) by extension 'colcon_meta'
[0.147s] Level 1:colcon.colcon_core.package_identification:_identify(.) by extensions ['ros']
[0.147s] Level 1:colcon.colcon_core.package_identification:_identify(.) by extension 'ros'
[0.153s] Level 1:colcon.colcon_core.package_identification:_identify(.) by extensions ['cmake', 'python']
[0.153s] Level 1:colcon.colcon_core.package_identification:_identify(.) by extension 'cmake'
[0.153s] Level 1:colcon.colcon_core.package_identification:_identify(.) by extension 'python'
[0.153s] Level 1:colcon.colcon_core.package_identification:_identify(.) by extensions ['python_setup_py']
[0.153s] Level 1:colcon.colcon_core.package_identification:_identify(.) by extension 'python_setup_py'
[0.153s] Level 1:colcon.colcon_core.package_identification:_identify(build) by extensions ['ignore', 'ignore_ament_install']
[0.153s] Level 1:colcon.colcon_core.package_identification:_identify(build) by extension 'ignore'
[0.153s] Level 1:colcon.colcon_core.package_identification:_identify(build) ignored
[0.154s] Level 1:colcon.colcon_core.package_identification:_identify(dataset) by extensions ['ignore', 'ignore_ament_install']
[0.154s] Level 1:colcon.colcon_core.package_identification:_identify(dataset) by extension 'ignore'
[0.154s] Level 1:colcon.colcon_core.package_identification:_identify(dataset) by extension 'ignore_ament_install'
[0.154s] Level 1:colcon.colcon_core.package_identification:_identify(dataset) by extensions ['colcon_pkg']
[0.154s] Level 1:colcon.colcon_core.package_identification:_identify(dataset) by extension 'colcon_pkg'
[0.154s] Level 1:colcon.colcon_core.package_identification:_identify(dataset) by extensions ['colcon_meta']
[0.154s] Level 1:colcon.colcon_core.package_identification:_identify(dataset) by extension 'colcon_meta'
[0.154s] Level 1:colcon.colcon_core.package_identification:_identify(dataset) by extensions ['ros']
[0.154s] Level 1:colcon.colcon_core.package_identification:_identify(dataset) by extension 'ros'
[0.154s] Level 1:colcon.colcon_core.package_identification:_identify(dataset) by extensions ['cmake', 'python']
[0.154s] Level 1:colcon.colcon_core.package_identification:_identify(dataset) by extension 'cmake'
[0.154s] Level 1:colcon.colcon_core.package_identification:_identify(dataset) by extension 'python'
[0.154s] Level 1:colcon.colcon_core.package_identification:_identify(dataset) by extensions ['python_setup_py']
[0.154s] Level 1:colcon.colcon_core.package_identification:_identify(dataset) by extension 'python_setup_py'
[0.154s] Level 1:colcon.colcon_core.package_identification:_identify(install) by extensions ['ignore', 'ignore_ament_install']
[0.154s] Level 1:colcon.colcon_core.package_identification:_identify(install) by extension 'ignore'
[0.154s] Level 1:colcon.colcon_core.package_identification:_identify(install) ignored
[0.154s] Level 1:colcon.colcon_core.package_identification:_identify(log) by extensions ['ignore', 'ignore_ament_install']
[0.154s] Level 1:colcon.colcon_core.package_identification:_identify(log) by extension 'ignore'
[0.154s] Level 1:colcon.colcon_core.package_identification:_identify(log) ignored
[0.154s] Level 1:colcon.colcon_core.package_identification:_identify(src) by extensions ['ignore', 'ignore_ament_install']
[0.154s] Level 1:colcon.colcon_core.package_identification:_identify(src) by extension 'ignore'
[0.154s] Level 1:colcon.colcon_core.package_identification:_identify(src) by extension 'ignore_ament_install'
[0.154s] Level 1:colcon.colcon_core.package_identification:_identify(src) by extensions ['colcon_pkg']
[0.154s] Level 1:colcon.colcon_core.package_identification:_identify(src) by extension 'colcon_pkg'
[0.154s] Level 1:colcon.colcon_core.package_identification:_identify(src) by extensions ['colcon_meta']
[0.154s] Level 1:colcon.colcon_core.package_identification:_identify(src) by extension 'colcon_meta'
[0.154s] Level 1:colcon.colcon_core.package_identification:_identify(src) by extensions ['ros']
[0.154s] Level 1:colcon.colcon_core.package_identification:_identify(src) by extension 'ros'
[0.154s] Level 1:colcon.colcon_core.package_identification:_identify(src) by extensions ['cmake', 'python']
[0.154s] Level 1:colcon.colcon_core.package_identification:_identify(src) by extension 'cmake'
[0.154s] Level 1:colcon.colcon_core.package_identification:_identify(src) by extension 'python'
[0.155s] Level 1:colcon.colcon_core.package_identification:_identify(src) by extensions ['python_setup_py']
[0.155s] Level 1:colcon.colcon_core.package_identification:_identify(src) by extension 'python_setup_py'
[0.155s] Level 1:colcon.colcon_core.package_identification:_identify(src/robomaster_vision) by extensions ['ignore', 'ignore_ament_install']
[0.155s] Level 1:colcon.colcon_core.package_identification:_identify(src/robomaster_vision) by extension 'ignore'
[0.155s] Level 1:colcon.colcon_core.package_identification:_identify(src/robomaster_vision) by extension 'ignore_ament_install'
[0.155s] Level 1:colcon.colcon_core.package_identification:_identify(src/robomaster_vision) by extensions ['colcon_pkg']
[0.155s] Level 1:colcon.colcon_core.package_identification:_identify(src/robomaster_vision) by extension 'colcon_pkg'
[0.155s] Level 1:colcon.colcon_core.package_identification:_identify(src/robomaster_vision) by extensions ['colcon_meta']
[0.155s] Level 1:colcon.colcon_core.package_identification:_identify(src/robomaster_vision) by extension 'colcon_meta'
[0.155s] Level 1:colcon.colcon_core.package_identification:_identify(src/robomaster_vision) by extensions ['ros']
[0.155s] Level 1:colcon.colcon_core.package_identification:_identify(src/robomaster_vision) by extension 'ros'
[0.157s] DEBUG:colcon.colcon_core.package_identification:Package 'src/robomaster_vision' with type 'ros.ament_cmake' and name 'robomaster_vision'
[0.157s] Level 1:colcon.colcon_core.package_identification:_identify(video) by extensions ['ignore', 'ignore_ament_install']
[0.157s] Level 1:colcon.colcon_core.package_identification:_identify(video) by extension 'ignore'
[0.157s] Level 1:colcon.colcon_core.package_identification:_identify(video) by extension 'ignore_ament_install'
[0.157s] Level 1:colcon.colcon_core.package_identification:_identify(video) by extensions ['colcon_pkg']
[0.157s] Level 1:colcon.colcon_core.package_identification:_identify(video) by extension 'colcon_pkg'
[0.157s] Level 1:colcon.colcon_core.package_identification:_identify(video) by extensions ['colcon_meta']
[0.157s] Level 1:colcon.colcon_core.package_identification:_identify(video) by extension 'colcon_meta'
[0.157s] Level 1:colcon.colcon_core.package_identification:_identify(video) by extensions ['ros']
[0.157s] Level 1:colcon.colcon_core.package_identification:_identify(video) by extension 'ros'
[0.157s] Level 1:colcon.colcon_core.package_identification:_identify(video) by extensions ['cmake', 'python']
[0.157s] Level 1:colcon.colcon_core.package_identification:_identify(video) by extension 'cmake'
[0.157s] Level 1:colcon.colcon_core.package_identification:_identify(video) by extension 'python'
[0.157s] Level 1:colcon.colcon_core.package_identification:_identify(video) by extensions ['python_setup_py']
[0.157s] Level 1:colcon.colcon_core.package_identification:_identify(video) by extension 'python_setup_py'
[0.157s] Level 1:colcon.colcon_core.package_discovery:discover_packages(recursive) using defaults
[0.157s] Level 1:colcon.colcon_core.package_discovery:discover_packages(ignore) discover
[0.157s] Level 1:colcon.colcon_core.package_discovery:discover_packages(ignore) using defaults
[0.157s] Level 1:colcon.colcon_core.package_discovery:discover_packages(path) discover
[0.157s] Level 1:colcon.colcon_core.package_discovery:discover_packages(path) using defaults
[0.170s] Level 1:colcon.colcon_core.package_discovery:discover_packages(prefix_path) check parameters
[0.170s] Level 1:colcon.colcon_core.package_discovery:discover_packages(prefix_path) discover
[0.171s] WARNING:colcon.colcon_ros.prefix_path.ament:The path '/home/lyl/robomaster/install/robomaster_vision' in the environment variable AMENT_PREFIX_PATH doesn't exist
[0.171s] WARNING:colcon.colcon_ros.prefix_path.catkin:The path '/home/lyl/robomaster/install/robomaster_vision' in the environment variable CMAKE_PREFIX_PATH doesn't exist
[0.171s] DEBUG:colcon.colcon_installed_package_information.package_discovery:Found 0 installed packages in /home/lyl/robomaster/install
[0.172s] DEBUG:colcon.colcon_installed_package_information.package_discovery:Found 271 installed packages in /opt/ros/humble
[0.173s] Level 1:colcon.colcon_core.package_discovery:discover_packages(prefix_path) using defaults
[0.197s] Level 5:colcon.colcon_core.verb:set package 'robomaster_vision' build argument 'cmake_args' from command line to 'None'
[0.197s] Level 5:colcon.colcon_core.verb:set package 'robomaster_vision' build argument 'cmake_target' from command line to 'None'
[0.197s] Level 5:colcon.colcon_core.verb:set package 'robomaster_vision' build argument 'cmake_target_skip_unavailable' from command line to 'False'
[0.197s] Level 5:colcon.colcon_core.verb:set package 'robomaster_vision' build argument 'cmake_clean_cache' from command line to 'False'
[0.197s] Level 5:colcon.colcon_core.verb:set package 'robomaster_vision' build argument 'cmake_clean_first' from command line to 'False'
[0.197s] Level 5:colcon.colcon_core.verb:set package 'robomaster_vision' build argument 'cmake_force_configure' from command line to 'False'
[0.197s] Level 5:colcon.colcon_core.verb:set package 'robomaster_vision' build argument 'ament_cmake_args' from command line to 'None'
[0.197s] Level 5:colcon.colcon_core.verb:set package 'robomaster_vision' build argument 'catkin_cmake_args' from command line to 'None'
[0.197s] Level 5:colcon.colcon_core.verb:set package 'robomaster_vision' build argument 'catkin_skip_building_tests' from command line to 'False'
[0.197s] DEBUG:colcon.colcon_core.verb:Building package 'robomaster_vision' with the following arguments: {'ament_cmake_args': None, 'build_base': '/home/lyl/robomaster/build/robomaster_vision', 'catkin_cmake_args': None, 'catkin_skip_building_tests': False, 'cmake_args': None, 'cmake_clean_cache': False, 'cmake_clean_first': False, 'cmake_force_configure': False, 'cmake_target': None, 'cmake_target_skip_unavailable': False, 'install_base': '/home/lyl/robomaster/install/robomaster_vision', 'merge_install': False, 'path': '/home/lyl/robomaster/src/robomaster_vision', 'symlink_install': False, 'test_result_base': None}
[0.197s] INFO:colcon.colcon_core.executor:Executing jobs using 'parallel' executor
[0.198s] DEBUG:colcon.colcon_parallel_executor.executor.parallel:run_until_complete
[0.198s] INFO:colcon.colcon_ros.task.ament_cmake.build:Building ROS package in '/home/lyl/robomaster/src/robomaster_vision' with build type 'ament_cmake'
[0.198s] INFO:colcon.colcon_cmake.task.cmake.build:Building CMake package in '/home/lyl/robomaster/src/robomaster_vision'
[0.200s] INFO:colcon.colcon_core.plugin_system:Skipping extension 'colcon_core.shell.bat': Not used on non-Windows systems
[0.200s] INFO:colcon.colcon_core.shell:Skip shell extension 'powershell' for command environment: Not usable outside of PowerShell
[0.200s] DEBUG:colcon.colcon_core.shell:Skip shell extension 'dsv' for command environment
[0.205s] DEBUG:colcon.colcon_core.event_handler.log_command:Invoking command in '/home/lyl/robomaster/build/robomaster_vision': CMAKE_PREFIX_PATH=${CMAKE_PREFIX_PATH}:/opt/ros/humble /usr/bin/cmake /home/lyl/robomaster/src/robomaster_vision -DCMAKE_INSTALL_PREFIX=/home/lyl/robomaster/install/robomaster_vision
[1.307s] DEBUG:colcon.colcon_core.event_handler.log_command:Invoked command in '/home/lyl/robomaster/build/robomaster_vision' returned '0': CMAKE_PREFIX_PATH=${CMAKE_PREFIX_PATH}:/opt/ros/humble /usr/bin/cmake /home/lyl/robomaster/src/robomaster_vision -DCMAKE_INSTALL_PREFIX=/home/lyl/robomaster/install/robomaster_vision
[1.308s] DEBUG:colcon.colcon_core.event_handler.log_command:Invoking command in '/home/lyl/robomaster/build/robomaster_vision': CMAKE_PREFIX_PATH=${CMAKE_PREFIX_PATH}:/opt/ros/humble /usr/bin/cmake --build /home/lyl/robomaster/build/robomaster_vision -- -j32 -l32
[7.446s] DEBUG:colcon.colcon_core.event_handler.log_command:Invoked command in '/home/lyl/robomaster/build/robomaster_vision' returned '0': CMAKE_PREFIX_PATH=${CMAKE_PREFIX_PATH}:/opt/ros/humble /usr/bin/cmake --build /home/lyl/robomaster/build/robomaster_vision -- -j32 -l32
[7.456s] DEBUG:colcon.colcon_core.event_handler.log_command:Invoking command in '/home/lyl/robomaster/build/robomaster_vision': CMAKE_PREFIX_PATH=${CMAKE_PREFIX_PATH}:/opt/ros/humble /usr/bin/cmake --install /home/lyl/robomaster/build/robomaster_vision
[7.475s] Level 1:colcon.colcon_core.environment:create_environment_scripts_only(robomaster_vision)
[7.475s] DEBUG:colcon.colcon_core.event_handler.log_command:Invoked command in '/home/lyl/robomaster/build/robomaster_vision' returned '0': CMAKE_PREFIX_PATH=${CMAKE_PREFIX_PATH}:/opt/ros/humble /usr/bin/cmake --install /home/lyl/robomaster/build/robomaster_vision
[7.476s] Level 1:colcon.colcon_core.environment:checking '/home/lyl/robomaster/install/robomaster_vision' for CMake module files
[7.476s] Level 1:colcon.colcon_core.environment:checking '/home/lyl/robomaster/install/robomaster_vision' for CMake config files
[7.476s] Level 1:colcon.colcon_core.shell:create_environment_hook('robomaster_vision', 'cmake_prefix_path')
[7.477s] INFO:colcon.colcon_core.shell:Creating environment hook '/home/lyl/robomaster/install/robomaster_vision/share/robomaster_vision/hook/cmake_prefix_path.ps1'
[7.477s] INFO:colcon.colcon_core.shell:Creating environment descriptor '/home/lyl/robomaster/install/robomaster_vision/share/robomaster_vision/hook/cmake_prefix_path.dsv'
[7.477s] INFO:colcon.colcon_core.shell:Creating environment hook '/home/lyl/robomaster/install/robomaster_vision/share/robomaster_vision/hook/cmake_prefix_path.sh'
[7.478s] Level 1:colcon.colcon_core.environment:checking '/home/lyl/robomaster/install/robomaster_vision/lib'
[7.478s] Level 1:colcon.colcon_core.environment:checking '/home/lyl/robomaster/install/robomaster_vision/bin'
[7.478s] Level 1:colcon.colcon_core.environment:checking '/home/lyl/robomaster/install/robomaster_vision/lib/pkgconfig/robomaster_vision.pc'
[7.478s] Level 1:colcon.colcon_core.environment:checking '/home/lyl/robomaster/install/robomaster_vision/lib/python3.10/site-packages'
[7.478s] Level 1:colcon.colcon_core.environment:checking '/home/lyl/robomaster/install/robomaster_vision/bin'
[7.478s] INFO:colcon.colcon_core.shell:Creating package script '/home/lyl/robomaster/install/robomaster_vision/share/robomaster_vision/package.ps1'
[7.478s] INFO:colcon.colcon_core.shell:Creating package descriptor '/home/lyl/robomaster/install/robomaster_vision/share/robomaster_vision/package.dsv'
[7.479s] INFO:colcon.colcon_core.shell:Creating package script '/home/lyl/robomaster/install/robomaster_vision/share/robomaster_vision/package.sh'
[7.479s] INFO:colcon.colcon_core.shell:Creating package script '/home/lyl/robomaster/install/robomaster_vision/share/robomaster_vision/package.bash'
[7.479s] INFO:colcon.colcon_core.shell:Creating package script '/home/lyl/robomaster/install/robomaster_vision/share/robomaster_vision/package.zsh'
[7.479s] Level 1:colcon.colcon_core.environment:create_file_with_runtime_dependencies(/home/lyl/robomaster/install/robomaster_vision/share/colcon-core/packages/robomaster_vision)
[7.480s] Level 1:colcon.colcon_core.environment:create_environment_scripts_only(robomaster_vision)
[7.480s] Level 1:colcon.colcon_core.environment:checking '/home/lyl/robomaster/install/robomaster_vision' for CMake module files
[7.480s] Level 1:colcon.colcon_core.environment:checking '/home/lyl/robomaster/install/robomaster_vision' for CMake config files
[7.480s] Level 1:colcon.colcon_core.shell:create_environment_hook('robomaster_vision', 'cmake_prefix_path')
[7.480s] INFO:colcon.colcon_core.shell:Creating environment hook '/home/lyl/robomaster/install/robomaster_vision/share/robomaster_vision/hook/cmake_prefix_path.ps1'
[7.480s] INFO:colcon.colcon_core.shell:Creating environment descriptor '/home/lyl/robomaster/install/robomaster_vision/share/robomaster_vision/hook/cmake_prefix_path.dsv'
[7.481s] INFO:colcon.colcon_core.shell:Creating environment hook '/home/lyl/robomaster/install/robomaster_vision/share/robomaster_vision/hook/cmake_prefix_path.sh'
[7.481s] Level 1:colcon.colcon_core.environment:checking '/home/lyl/robomaster/install/robomaster_vision/lib'
[7.481s] Level 1:colcon.colcon_core.environment:checking '/home/lyl/robomaster/install/robomaster_vision/bin'
[7.481s] Level 1:colcon.colcon_core.environment:checking '/home/lyl/robomaster/install/robomaster_vision/lib/pkgconfig/robomaster_vision.pc'
[7.481s] Level 1:colcon.colcon_core.environment:checking '/home/lyl/robomaster/install/robomaster_vision/lib/python3.10/site-packages'
[7.481s] Level 1:colcon.colcon_core.environment:checking '/home/lyl/robomaster/install/robomaster_vision/bin'
[7.481s] INFO:colcon.colcon_core.shell:Creating package script '/home/lyl/robomaster/install/robomaster_vision/share/robomaster_vision/package.ps1'
[7.481s] INFO:colcon.colcon_core.shell:Creating package descriptor '/home/lyl/robomaster/install/robomaster_vision/share/robomaster_vision/package.dsv'
[7.482s] INFO:colcon.colcon_core.shell:Creating package script '/home/lyl/robomaster/install/robomaster_vision/share/robomaster_vision/package.sh'
[7.482s] INFO:colcon.colcon_core.shell:Creating package script '/home/lyl/robomaster/install/robomaster_vision/share/robomaster_vision/package.bash'
[7.482s] INFO:colcon.colcon_core.shell:Creating package script '/home/lyl/robomaster/install/robomaster_vision/share/robomaster_vision/package.zsh'
[7.482s] Level 1:colcon.colcon_core.environment:create_file_with_runtime_dependencies(/home/lyl/robomaster/install/robomaster_vision/share/colcon-core/packages/robomaster_vision)
[7.482s] DEBUG:colcon.colcon_parallel_executor.executor.parallel:closing loop
[7.482s] DEBUG:colcon.colcon_parallel_executor.executor.parallel:loop closed
[7.483s] DEBUG:colcon.colcon_parallel_executor.executor.parallel:run_until_complete finished with '0'
[7.483s] DEBUG:colcon.colcon_core.event_reactor:joining thread
[7.485s] INFO:colcon.colcon_core.plugin_system:Skipping extension 'colcon_notification.desktop_notification.terminal_notifier': Not used on non-Darwin systems
[7.485s] INFO:colcon.colcon_core.plugin_system:Skipping extension 'colcon_notification.desktop_notification.win32': Not used on non-Windows systems
[7.485s] INFO:colcon.colcon_notification.desktop_notification:Sending desktop notification using 'notify2'
[7.494s] DEBUG:colcon.colcon_core.event_reactor:joined thread
[7.495s] INFO:colcon.colcon_core.shell:Creating prefix script '/home/lyl/robomaster/install/local_setup.ps1'
[7.495s] INFO:colcon.colcon_core.shell:Creating prefix util module '/home/lyl/robomaster/install/_local_setup_util_ps1.py'
[7.496s] INFO:colcon.colcon_core.shell:Creating prefix chain script '/home/lyl/robomaster/install/setup.ps1'
[7.497s] INFO:colcon.colcon_core.shell:Creating prefix script '/home/lyl/robomaster/install/local_setup.sh'
[7.497s] INFO:colcon.colcon_core.shell:Creating prefix util module '/home/lyl/robomaster/install/_local_setup_util_sh.py'
[7.498s] INFO:colcon.colcon_core.shell:Creating prefix chain script '/home/lyl/robomaster/install/setup.sh'
[7.498s] INFO:colcon.colcon_core.shell:Creating prefix script '/home/lyl/robomaster/install/local_setup.bash'
[7.499s] INFO:colcon.colcon_core.shell:Creating prefix chain script '/home/lyl/robomaster/install/setup.bash'
[7.499s] INFO:colcon.colcon_core.shell:Creating prefix script '/home/lyl/robomaster/install/local_setup.zsh'
[7.499s] INFO:colcon.colcon_core.shell:Creating prefix chain script '/home/lyl/robomaster/install/setup.zsh'
