[0.006s] Invoking command in '/home/lyl/robomaster/build/robomaster_vision': CMAKE_PREFIX_PATH=${CMAKE_PREFIX_PATH}:/opt/ros/humble /usr/bin/cmake --build /home/lyl/robomaster/build/robomaster_vision -- -j32 -l32
[0.046s] [35m[1mConsolidate compiler generated dependencies of target result_display[0m
[0.047s] [35m[1mConsolidate compiler generated dependencies of target video_publisher[0m
[0.057s] [ 16%] Built target predictor_node
[0.057s] [ 33%] Built target result_display
[0.058s] [ 41%] [32mBuilding CXX object CMakeFiles/image_processor.dir/src/image_processor.cpp.o[0m
[0.061s] [ 50%] [32mBuilding CXX object CMakeFiles/video_publisher.dir/src/video_publisher.cpp.o[0m
[3.883s] [01m[K/home/lyl/robomaster/src/robomaster_vision/src/image_processor.cpp:[m[K In constructor ‘[01m[KImageProcessor::ImageProcessor()[m[K’:
[3.883s] [01m[K/home/lyl/robomaster/src/robomaster_vision/src/image_processor.cpp:30:15:[m[K [01;35m[Kwarning: [m[Kignoring return value of ‘[01m[Kchar* getcwd(char*, size_t)[m[K’ declared with attribute ‘[01m[Kwarn_unused_result[m[K’ [[01;35m[K]8;;https://gcc.gnu.org/onlinedocs/gcc/Warning-Options.html#index-Wunused-result-Wunused-result]8;;[m[K]
[3.883s]    30 |         [01;35m[Kgetcwd(cwd, sizeof(cwd))[m[K;
[3.883s]       |         [01;35m[K~~~~~~^~~~~~~~~~~~~~~~~~[m[K
[3.918s] [ 58%] [32m[1mLinking CXX executable video_publisher[0m
[4.241s] [ 58%] Built target video_publisher
[7.434s] [ 66%] [32m[1mLinking CXX executable image_processor[0m
[7.675s] [100%] Built target image_processor
[7.688s] Invoked command in '/home/lyl/robomaster/build/robomaster_vision' returned '0': CMAKE_PREFIX_PATH=${CMAKE_PREFIX_PATH}:/opt/ros/humble /usr/bin/cmake --build /home/lyl/robomaster/build/robomaster_vision -- -j32 -l32
[7.695s] Invoking command in '/home/lyl/robomaster/build/robomaster_vision': CMAKE_PREFIX_PATH=${CMAKE_PREFIX_PATH}:/opt/ros/humble /usr/bin/cmake --install /home/lyl/robomaster/build/robomaster_vision
[7.703s] -- Install configuration: "Release"
[7.704s] -- Up-to-date: /home/lyl/robomaster/install/robomaster_vision/share/robomaster_vision/launch
[7.704s] -- Up-to-date: /home/lyl/robomaster/install/robomaster_vision/share/robomaster_vision/launch/robomaster_launch.py
[7.704s] -- Installing: /home/lyl/robomaster/install/robomaster_vision/lib/robomaster_vision/video_publisher
[7.704s] -- Set runtime path of "/home/lyl/robomaster/install/robomaster_vision/lib/robomaster_vision/video_publisher" to ""
[7.704s] -- Installing: /home/lyl/robomaster/install/robomaster_vision/lib/robomaster_vision/image_processor
[7.705s] -- Set runtime path of "/home/lyl/robomaster/install/robomaster_vision/lib/robomaster_vision/image_processor" to ""
[7.705s] -- Up-to-date: /home/lyl/robomaster/install/robomaster_vision/lib/robomaster_vision/predictor_node
[7.705s] -- Up-to-date: /home/lyl/robomaster/install/robomaster_vision/lib/robomaster_vision/result_display
[7.705s] -- Up-to-date: /home/lyl/robomaster/install/robomaster_vision/share/ament_index/resource_index/package_run_dependencies/robomaster_vision
[7.705s] -- Up-to-date: /home/lyl/robomaster/install/robomaster_vision/share/ament_index/resource_index/parent_prefix_path/robomaster_vision
[7.705s] -- Up-to-date: /home/lyl/robomaster/install/robomaster_vision/share/robomaster_vision/environment/ament_prefix_path.sh
[7.705s] -- Up-to-date: /home/lyl/robomaster/install/robomaster_vision/share/robomaster_vision/environment/ament_prefix_path.dsv
[7.705s] -- Up-to-date: /home/lyl/robomaster/install/robomaster_vision/share/robomaster_vision/environment/path.sh
[7.705s] -- Up-to-date: /home/lyl/robomaster/install/robomaster_vision/share/robomaster_vision/environment/path.dsv
[7.705s] -- Up-to-date: /home/lyl/robomaster/install/robomaster_vision/share/robomaster_vision/local_setup.bash
[7.705s] -- Up-to-date: /home/lyl/robomaster/install/robomaster_vision/share/robomaster_vision/local_setup.sh
[7.706s] -- Up-to-date: /home/lyl/robomaster/install/robomaster_vision/share/robomaster_vision/local_setup.zsh
[7.706s] -- Up-to-date: /home/lyl/robomaster/install/robomaster_vision/share/robomaster_vision/local_setup.dsv
[7.706s] -- Installing: /home/lyl/robomaster/install/robomaster_vision/share/robomaster_vision/package.dsv
[7.706s] -- Up-to-date: /home/lyl/robomaster/install/robomaster_vision/share/ament_index/resource_index/packages/robomaster_vision
[7.706s] -- Up-to-date: /home/lyl/robomaster/install/robomaster_vision/share/robomaster_vision/cmake/robomaster_visionConfig.cmake
[7.706s] -- Up-to-date: /home/lyl/robomaster/install/robomaster_vision/share/robomaster_vision/cmake/robomaster_visionConfig-version.cmake
[7.706s] -- Up-to-date: /home/lyl/robomaster/install/robomaster_vision/share/robomaster_vision/package.xml
[7.707s] Invoked command in '/home/lyl/robomaster/build/robomaster_vision' returned '0': CMAKE_PREFIX_PATH=${CMAKE_PREFIX_PATH}:/opt/ros/humble /usr/bin/cmake --install /home/lyl/robomaster/build/robomaster_vision
